<?xml version="1.0" encoding="utf-8"?><testsuites name="pytest tests"><testsuite name="pytest" errors="0" failures="0" skipped="0" tests="17" time="11.672" timestamp="2026-05-06T16:19:22.504686+00:00" hostname="agent-env-c2ad0269-a5ef-4e9a-ad2f-34e79085b758"><testcase classname="backend.tests.test_api.TestAuth" name="test_auth_me_unauthorized" time="0.385" /><testcase classname="backend.tests.test_api.TestAuth" name="test_auth_me_invalid_token" time="0.072" /><testcase classname="backend.tests.test_api.TestAuth" name="test_auth_session_invalid" time="0.203" /><testcase classname="backend.tests.test_api.TestAuth" name="test_auth_logout" time="0.073" /><testcase classname="backend.tests.test_api.TestAdmin" name="test_admin_login_success" time="0.077" /><testcase classname="backend.tests.test_api.TestAdmin" name="test_admin_login_failure" time="0.068" /><testcase classname="backend.tests.test_api.TestMenu" name="test_get_menu_returns_items" time="0.085" /><testcase classname="backend.tests.test_api.TestMenu" name="test_menu_has_all_categories" time="0.085" /><testcase classname="backend.tests.test_api.TestMenu" name="test_menu_item_structure" time="0.081" /><testcase classname="backend.tests.test_api.TestMenu" name="test_menu_category_counts" time="0.078" /><testcase classname="backend.tests.test_api.TestMenu" name="test_create_menu_item_unauthorized" time="0.066" /><testcase classname="backend.tests.test_api.TestChat" name="test_create_session_kk" time="0.075" /><testcase classname="backend.tests.test_api.TestChat" name="test_create_session_ru" time="0.079" /><testcase classname="backend.tests.test_api.TestChat" name="test_get_sessions_list" time="0.068" /><testcase classname="backend.tests.test_api.TestChat" name="test_send_message" time="9.620" /><testcase classname="backend.tests.test_api.TestChat" name="test_get_session_detail" time="0.147" /><testcase classname="backend.tests.test_api.TestChat" name="test_delete_session" time="0.222" /></testsuite></testsuites>